  array.cpp
E:\Program Files\Microsoft Visual Studio\2022\Community\MSBuild\Microsoft\VC\v170\Microsoft.CppCommon.targets(1096,5): error MSB6006: "link.exe" öğesinden 1168 koduyla çıkıldı.
LINK : fatal error LNK1168: C:\Users\guven\source\repos\Anilgvnc\BasicObjectProblems\arrayApplicationRecursiveFunction\x64\Debug\arrayApplicationRecursiveFunction.exe yazma için açılamıyor
